2025-12-15 13:25:00 | INFO | repo=mauricio.aragon | action=commit
2025-06-24 07:46:00 | WARN | repo=mauricio.aragon | action=pull
2025-03-17 19:18:00 | DEBUG | repo=mauricio.aragon | action=commit
2025-01-25 07:52:00 | WARN | repo=mauricio.aragon | action=commit
2025-12-09 12:09:00 | WARN | repo=mauricio.aragon | action=commit
2025-04-27 13:13:00 | DEBUG | repo=mauricio.aragon | action=commit
2025-09-28 07:27:00 | INFO | repo=mauricio.aragon | action=commit
2025-02-07 21:38:00 | WARN | repo=mauricio.aragon | action=commit
2025-12-19 14:52:00 | DEBUG | repo=mauricio.aragon | action=commit
2025-10-23 14:54:00 | INFO | repo=mauricio.aragon | action=edit | files=2
2025-05-24 08:21:00 | WARN | repo=mauricio.aragon | action=commit
2025-05-08 13:53:00 | DEBUG | repo=mauricio.aragon | action=commit
2025-06-28 16:33:00 | WARN | repo=mauricio.aragon | action=pull
2025-07-21 12:19:00 | DEBUG | repo=mauricio.aragon | action=commit
2025-06-01 10:30:00 | WARN | repo=mauricio.aragon | action=commit
2025-11-01 19:10:00 | INFO | repo=mauricio.aragon | action=commit
2025-04-11 08:15:00 | WARN | repo=mauricio.aragon | action=commit
2025-09-02 19:54:00 | INFO | repo=mauricio.aragon | action=commit
2025-06-01 19:25:00 | WARN | repo=mauricio.aragon | action=commit
2025-10-09 12:42:00 | WARN | repo=mauricio.aragon | action=commit
2025-03-15 10:19:00 | INFO | repo=mauricio.aragon | action=edit | files=5
2025-09-13 19:22:00 | WARN | repo=mauricio.aragon | action=commit
2025-06-07 17:07:00 | INFO | repo=mauricio.aragon | action=commit
2025-02-21 15:39:00 | DEBUG | repo=mauricio.aragon | action=commit
2025-11-13 18:37:00 | DEBUG | repo=mauricio.aragon | action=commit
2025-06-11 08:24:00 | WARN | repo=mauricio.aragon | action=edit | files=3
2025-01-17 08:57:00 | WARN | repo=mauricio.aragon | action=test | passed=true
2025-06-10 17:34:00 | WARN | repo=mauricio.aragon | action=commit
2025-10-21 18:40:00 | DEBUG | repo=mauricio.aragon | action=commit
2025-10-14 14:40:00 | WARN | repo=mauricio.aragon | action=commit
2025-03-28 11:52:00 | DEBUG | repo=mauricio.aragon | action=commit
2025-12-12 20:32:00 | DEBUG | repo=mauricio.aragon | action=pull
2025-07-24 17:30:00 | WARN | repo=mauricio.aragon | action=commit
2025-10-22 13:28:00 | INFO | repo=mauricio.aragon | action=commit
2025-12-05 07:20:00 | WARN | repo=mauricio.aragon | action=commit
2025-01-16 07:46:00 | INFO | repo=mauricio.aragon | action=commit
2025-01-11 15:01:00 | DEBUG | repo=mauricio.aragon | action=test | passed=true
2025-01-20 08:24:00 | INFO | repo=mauricio.aragon | action=commit
2025-10-19 17:32:00 | WARN | repo=mauricio.aragon | action=commit
2025-01-12 21:23:00 | WARN | repo=mauricio.aragon | action=commit
2025-05-25 13:39:00 | WARN | repo=mauricio.aragon | action=commit
2025-08-13 08:55:00 | INFO | repo=mauricio.aragon | action=commit
2025-10-28 09:22:00 | WARN | repo=mauricio.aragon | action=commit
2025-02-26 18:58:00 | DEBUG | repo=mauricio.aragon | action=commit
2025-12-13 15:30:00 | WARN | repo=mauricio.aragon | action=commit
2025-03-11 21:25:00 | WARN | repo=mauricio.aragon | action=commit
2025-05-22 19:40:00 | DEBUG | repo=mauricio.aragon | action=commit
2025-01-12 10:49:00 | DEBUG | repo=mauricio.aragon | action=commit
2025-08-21 14:54:00 | INFO | repo=mauricio.aragon | action=pull
2025-03-14 15:17:00 | INFO | repo=mauricio.aragon | action=edit | files=4
2025-05-23 09:38:00 | WARN | repo=mauricio.aragon | action=commit
2025-07-11 17:44:00 | WARN | repo=mauricio.aragon | action=commit
2025-04-25 09:21:00 | INFO | repo=mauricio.aragon | action=commit
2025-02-05 15:24:00 | WARN | repo=mauricio.aragon | action=commit
2025-12-22 07:55:00 | DEBUG | repo=mauricio.aragon | action=commit
2025-04-04 17:27:00 | DEBUG | repo=mauricio.aragon | action=test | passed=true
2025-08-09 21:44:00 | INFO | repo=mauricio.aragon | action=commit
2025-10-04 20:23:00 | WARN | repo=mauricio.aragon | action=commit
2025-05-22 10:35:00 | INFO | repo=mauricio.aragon | action=commit
2025-08-28 07:30:00 | WARN | repo=mauricio.aragon | action=commit
2025-03-13 19:07:00 | DEBUG | repo=mauricio.aragon | action=commit
2025-04-16 15:57:00 | DEBUG | repo=mauricio.aragon | action=commit
2025-03-24 18:02:00 | INFO | repo=mauricio.aragon | action=commit
2025-01-07 21:18:00 | WARN | repo=mauricio.aragon | action=commit
2025-08-24 14:58:00 | INFO | repo=mauricio.aragon | action=edit | files=2
2025-04-14 12:17:00 | INFO | repo=mauricio.aragon | action=commit
2025-03-27 19:43:00 | WARN | repo=mauricio.aragon | action=test | passed=true
2025-04-24 13:20:00 | DEBUG | repo=mauricio.aragon | action=commit
2025-03-16 13:13:00 | INFO | repo=mauricio.aragon | action=commit
2025-05-10 21:28:00 | DEBUG | repo=mauricio.aragon | action=pull
2025-07-12 13:26:00 | WARN | repo=mauricio.aragon | action=commit
2025-04-09 20:42:00 | INFO | repo=mauricio.aragon | action=commit
2025-09-01 17:25:00 | INFO | repo=mauricio.aragon | action=commit
2025-10-13 17:52:00 | DEBUG | repo=mauricio.aragon | action=commit
2025-11-20 13:16:00 | WARN | repo=mauricio.aragon | action=commit
2025-09-13 07:54:00 | DEBUG | repo=mauricio.aragon | action=commit
2025-11-17 09:23:00 | DEBUG | repo=mauricio.aragon | action=commit
2025-09-05 18:10:00 | DEBUG | repo=mauricio.aragon | action=commit
2025-12-23 13:23:00 | DEBUG | repo=mauricio.aragon | action=commit
2025-07-16 21:41:00 | INFO | repo=mauricio.aragon | action=commit
2025-12-12 17:15:00 | WARN | repo=mauricio.aragon | action=test | passed=true
2025-04-24 18:58:00 | DEBUG | repo=mauricio.aragon | action=commit
2025-03-01 20:12:00 | WARN | repo=mauricio.aragon | action=commit
2025-10-25 21:40:00 | WARN | repo=mauricio.aragon | action=test | passed=true
2025-01-24 17:09:00 | DEBUG | repo=mauricio.aragon | action=commit
2025-05-04 10:10:00 | WARN | repo=mauricio.aragon | action=commit
2025-07-14 18:09:00 | INFO | repo=mauricio.aragon | action=commit
2025-03-06 12:18:00 | INFO | repo=mauricio.aragon | action=commit
2025-04-14 17:01:00 | DEBUG | repo=mauricio.aragon | action=commit
2025-01-07 16:41:00 | INFO | repo=mauricio.aragon | action=commit
2025-01-14 12:45:00 | INFO | repo=mauricio.aragon | action=commit
2025-08-17 11:46:00 | WARN | repo=mauricio.aragon | action=commit
2025-12-12 13:03:00 | INFO | repo=mauricio.aragon | action=edit | files=3
2025-09-10 18:01:00 | INFO | repo=mauricio.aragon | action=commit
2025-09-12 11:29:00 | DEBUG | repo=mauricio.aragon | action=commit
2025-06-12 20:59:00 | INFO | repo=mauricio.aragon | action=commit
2025-04-15 18:15:00 | DEBUG | repo=mauricio.aragon | action=commit
2025-10-28 18:50:00 | INFO | repo=mauricio.aragon | action=commit
2025-10-10 21:52:00 | DEBUG | repo=mauricio.aragon | action=commit
2025-04-28 13:58:00 | WARN | repo=mauricio.aragon | action=commit
2025-08-10 18:47:00 | WARN | repo=mauricio.aragon | action=edit | files=2
2025-06-03 12:22:00 | WARN | repo=mauricio.aragon | action=commit
2025-12-01 18:53:00 | DEBUG | repo=mauricio.aragon | action=commit
2025-03-19 20:01:00 | DEBUG | repo=mauricio.aragon | action=commit
2025-09-25 13:27:00 | INFO | repo=mauricio.aragon | action=commit
2025-01-17 08:05:00 | INFO | repo=mauricio.aragon | action=commit
2025-01-01 20:01:00 | INFO | repo=mauricio.aragon | action=edit | files=4
2025-01-22 08:12:00 | DEBUG | repo=mauricio.aragon | action=commit
2025-09-24 15:03:00 | DEBUG | repo=mauricio.aragon | action=commit
2025-08-09 18:11:00 | WARN | repo=mauricio.aragon | action=commit
